28-01-2025 21:56:39.062 [background-preinit] INFO  [,,] o.h.validator.internal.util.Version - HV000001: Hibernate Validator 8.0.2.Final
28-01-2025 21:56:39.178 [restartedMain] INFO  [,,] priv.pgpm.cfi.CfiApplication - Starting CfiApplication using Java 21.0.4 with PID 3040 (D:\Projects\PGPM\cfi\target\classes started by sharm in D:\Projects\PGPM\cfi)
28-01-2025 21:56:39.183 [restartedMain] INFO  [,,] priv.pgpm.cfi.CfiApplication - No active profile set, falling back to 1 default profile: "default"
28-01-2025 21:56:39.318 [restartedMain] INFO  [,,] o.s.b.d.e.DevToolsPropertyDefaultsPostProcessor - Devtools property defaults active! Set 'spring.devtools.add-properties' to 'false' to disable
28-01-2025 21:56:39.319 [restartedMain] INFO  [,,] o.s.b.d.e.DevToolsPropertyDefaultsPostProcessor - For additional web related logging consider setting the 'logging.level.web' property to 'DEBUG'
28-01-2025 21:56:42.710 [restartedMain] INFO  [,,] o.s.d.r.c.RepositoryConfigurationDelegate - Bootstrapping Spring Data JPA repositories in DEFAULT mode.
28-01-2025 21:56:42.933 [restartedMain] INFO  [,,] o.s.d.r.c.RepositoryConfigurationDelegate - Finished Spring Data repository scanning in 188 ms. Found 1 JPA repository interface.
28-01-2025 21:56:45.607 [restartedMain] INFO  [,,] o.s.b.w.e.tomcat.TomcatWebServer - Tomcat initialized with port 8080 (http)
28-01-2025 21:56:45.635 [restartedMain] INFO  [,,] o.a.coyote.http11.Http11NioProtocol - Initializing ProtocolHandler ["http-nio-8080"]
28-01-2025 21:56:45.639 [restartedMain] INFO  [,,] o.a.catalina.core.StandardService - Starting service [Tomcat]
28-01-2025 21:56:45.641 [restartedMain] INFO  [,,] o.a.catalina.core.StandardEngine - Starting Servlet engine: [Apache Tomcat/10.1.34]
28-01-2025 21:56:45.770 [restartedMain] INFO  [,,] o.a.c.c.C.[Tomcat].[localhost].[/] - Initializing Spring embedded WebApplicationContext
28-01-2025 21:56:45.771 [restartedMain] INFO  [,,] o.s.b.w.s.c.ServletWebServerApplicationContext - Root WebApplicationContext: initialization completed in 6450 ms
28-01-2025 21:56:46.359 [restartedMain] DEBUG [,,] i.o.e.i.grpc.GrpcExporterBuilder - Using GrpcSender: io.opentelemetry.exporter.sender.okhttp.internal.OkHttpGrpcSender
28-01-2025 21:56:46.604 [restartedMain] DEBUG [,,] i.o.e.i.grpc.GrpcExporterBuilder - Using GrpcSender: io.opentelemetry.exporter.sender.okhttp.internal.OkHttpGrpcSender
28-01-2025 21:56:46.667 [restartedMain] DEBUG [,,] i.o.sdk.internal.JavaVersionSpecific - Using the APIs optimized for: Java 9+
28-01-2025 21:56:47.060 [restartedMain] INFO  [,,] i.m.c.i.push.PushMeterRegistry - Publishing metrics for OtlpMeterRegistry every 5m to http://localhost:4318/v1/metrics with resource attributes {service.name=cfi}
28-01-2025 21:56:47.805 [restartedMain] INFO  [,,] o.h.jpa.internal.util.LogHelper - HHH000204: Processing PersistenceUnitInfo [name: default]
28-01-2025 21:56:47.978 [restartedMain] INFO  [,,] org.hibernate.Version - HHH000412: Hibernate ORM core version 6.6.4.Final
28-01-2025 21:56:48.075 [restartedMain] INFO  [,,] o.h.c.i.RegionFactoryInitiator - HHH000026: Second-level cache disabled
28-01-2025 21:56:48.587 [restartedMain] INFO  [,,] o.s.o.j.p.SpringPersistenceUnitInfo - No LoadTimeWeaver setup: ignoring JPA class transformer
28-01-2025 21:56:48.651 [restartedMain] INFO  [,,] com.zaxxer.hikari.HikariDataSource - HikariPool-1 - Starting...
28-01-2025 21:56:49.880 [restartedMain] WARN  [,,] o.h.e.jdbc.spi.SqlExceptionHelper - SQL Error: 0, SQLState: 08S01
28-01-2025 21:56:49.881 [restartedMain] ERROR [,,] o.h.e.jdbc.spi.SqlExceptionHelper - Communications link failure

The last packet sent successfully to the server was 0 milliseconds ago. The driver has not received any packets from the server.
28-01-2025 21:56:49.883 [restartedMain] WARN  [,,] o.h.e.j.e.i.JdbcEnvironmentInitiator - HHH000342: Could not obtain connection to query metadata
org.hibernate.exception.JDBCConnectionException: unable to obtain isolated JDBC connection [Communications link failure

The last packet sent successfully to the server was 0 milliseconds ago. The driver has not received any packets from the server.] [n/a]
	at org.hibernate.exception.internal.SQLStateConversionDelegate.convert(SQLStateConversionDelegate.java:100)
	at org.hibernate.exception.internal.StandardSQLExceptionConverter.convert(StandardSQLExceptionConverter.java:58)
	at org.hibernate.engine.jdbc.spi.SqlExceptionHelper.convert(SqlExceptionHelper.java:108)
	at org.hibernate.engine.jdbc.spi.SqlExceptionHelper.convert(SqlExceptionHelper.java:94)
	at org.hibernate.resource.transaction.backend.jdbc.internal.JdbcIsolationDelegate.delegateWork(JdbcIsolationDelegate.java:116)
	at org.hibernate.engine.jdbc.env.internal.JdbcEnvironmentInitiator.getJdbcEnvironmentUsingJdbcMetadata(JdbcEnvironmentInitiator.java:320)
	at org.hibernate.engine.jdbc.env.internal.JdbcEnvironmentInitiator.initiateService(JdbcEnvironmentInitiator.java:129)
	at org.hibernate.engine.jdbc.env.internal.JdbcEnvironmentInitiator.initiateService(JdbcEnvironmentInitiator.java:81)
	at org.hibernate.boot.registry.internal.StandardServiceRegistryImpl.initiateService(StandardServiceRegistryImpl.java:130)
	at org.hibernate.service.internal.AbstractServiceRegistryImpl.createService(AbstractServiceRegistryImpl.java:263)
	at org.hibernate.service.internal.AbstractServiceRegistryImpl.initializeService(AbstractServiceRegistryImpl.java:238)
	at org.hibernate.service.internal.AbstractServiceRegistryImpl.getService(AbstractServiceRegistryImpl.java:215)
	at org.hibernate.boot.model.relational.Database.<init>(Database.java:45)
	at org.hibernate.boot.internal.InFlightMetadataCollectorImpl.getDatabase(InFlightMetadataCollectorImpl.java:226)
	at org.hibernate.boot.internal.InFlightMetadataCollectorImpl.<init>(InFlightMetadataCollectorImpl.java:194)
	at org.hibernate.boot.model.process.spi.MetadataBuildingProcess.complete(MetadataBuildingProcess.java:171)
	at org.hibernate.jpa.boot.internal.EntityManagerFactoryBuilderImpl.metadata(EntityManagerFactoryBuilderImpl.java:1431)
	at org.hibernate.jpa.boot.internal.EntityManagerFactoryBuilderImpl.build(EntityManagerFactoryBuilderImpl.java:1502)
	at org.springframework.orm.jpa.vendor.SpringHibernateJpaPersistenceProvider.createContainerEntityManagerFactory(SpringHibernateJpaPersistenceProvider.java:66)
	at org.springframework.orm.jpa.LocalContainerEntityManagerFactoryBean.createNativeEntityManagerFactory(LocalContainerEntityManagerFactoryBean.java:390)
	at org.springframework.orm.jpa.AbstractEntityManagerFactoryBean.buildNativeEntityManagerFactory(AbstractEntityManagerFactoryBean.java:419)
	at org.springframework.orm.jpa.AbstractEntityManagerFactoryBean.afterPropertiesSet(AbstractEntityManagerFactoryBean.java:400)
	at org.springframework.orm.jpa.LocalContainerEntityManagerFactoryBean.afterPropertiesSet(LocalContainerEntityManagerFactoryBean.java:366)
	at org.springframework.beans.factory.support.AbstractAutowireCapableBeanFactory.invokeInitMethods(AbstractAutowireCapableBeanFactory.java:1855)
	at org.springframework.beans.factory.support.AbstractAutowireCapableBeanFactory.initializeBean(AbstractAutowireCapableBeanFactory.java:1804)
	at org.springframework.beans.factory.support.AbstractAutowireCapableBeanFactory.doCreateBean(AbstractAutowireCapableBeanFactory.java:601)
	at org.springframework.beans.factory.support.AbstractAutowireCapableBeanFactory.createBean(AbstractAutowireCapableBeanFactory.java:523)
	at org.springframework.beans.factory.support.AbstractBeanFactory.lambda$doGetBean$0(AbstractBeanFactory.java:336)
	at org.springframework.beans.factory.support.DefaultSingletonBeanRegistry.getSingleton(DefaultSingletonBeanRegistry.java:289)
	at org.springframework.beans.factory.support.AbstractBeanFactory.doGetBean(AbstractBeanFactory.java:334)
	at org.springframework.beans.factory.support.AbstractBeanFactory.getBean(AbstractBeanFactory.java:204)
	at org.springframework.context.support.AbstractApplicationContext.finishBeanFactoryInitialization(AbstractApplicationContext.java:970)
	at org.springframework.context.support.AbstractApplicationContext.refresh(AbstractApplicationContext.java:627)
	at org.springframework.boot.web.servlet.context.ServletWebServerApplicationContext.refresh(ServletWebServerApplicationContext.java:146)
	at org.springframework.boot.SpringApplication.refresh(SpringApplication.java:752)
	at org.springframework.boot.SpringApplication.refreshContext(SpringApplication.java:439)
	at org.springframework.boot.SpringApplication.run(SpringApplication.java:318)
	at org.springframework.boot.SpringApplication.run(SpringApplication.java:1361)
	at org.springframework.boot.SpringApplication.run(SpringApplication.java:1350)
	at priv.pgpm.cfi.CfiApplication.main(CfiApplication.java:41)
	at java.base/jdk.internal.reflect.DirectMethodHandleAccessor.invoke(DirectMethodHandleAccessor.java:103)
	at java.base/java.lang.reflect.Method.invoke(Method.java:580)
	at org.springframework.boot.devtools.restart.RestartLauncher.run(RestartLauncher.java:50)
Caused by: com.mysql.cj.jdbc.exceptions.CommunicationsException: Communications link failure

The last packet sent successfully to the server was 0 milliseconds ago. The driver has not received any packets from the server.
	at com.mysql.cj.jdbc.exceptions.SQLError.createCommunicationsException(SQLError.java:165)
	at com.mysql.cj.jdbc.exceptions.SQLExceptionsMapping.translateException(SQLExceptionsMapping.java:55)
	at com.mysql.cj.jdbc.ConnectionImpl.createNewIO(ConnectionImpl.java:837)
	at com.mysql.cj.jdbc.ConnectionImpl.<init>(ConnectionImpl.java:420)
	at com.mysql.cj.jdbc.ConnectionImpl.getInstance(ConnectionImpl.java:238)
	at com.mysql.cj.jdbc.NonRegisteringDriver.connect(NonRegisteringDriver.java:180)
	at com.zaxxer.hikari.util.DriverDataSource.getConnection(DriverDataSource.java:137)
	at com.zaxxer.hikari.pool.PoolBase.newConnection(PoolBase.java:360)
	at com.zaxxer.hikari.pool.PoolBase.newPoolEntry(PoolBase.java:202)
	at com.zaxxer.hikari.pool.HikariPool.createPoolEntry(HikariPool.java:461)
	at com.zaxxer.hikari.pool.HikariPool.checkFailFast(HikariPool.java:550)
	at com.zaxxer.hikari.pool.HikariPool.<init>(HikariPool.java:98)
	at com.zaxxer.hikari.HikariDataSource.getConnection(HikariDataSource.java:111)
	at org.hibernate.engine.jdbc.connections.internal.DatasourceConnectionProviderImpl.getConnection(DatasourceConnectionProviderImpl.java:126)
	at org.hibernate.engine.jdbc.env.internal.JdbcEnvironmentInitiator$ConnectionProviderJdbcConnectionAccess.obtainConnection(JdbcEnvironmentInitiator.java:467)
	at org.hibernate.resource.transaction.backend.jdbc.internal.JdbcIsolationDelegate.delegateWork(JdbcIsolationDelegate.java:61)
	... 38 common frames omitted
Caused by: com.mysql.cj.exceptions.CJCommunicationsException: Communications link failure

The last packet sent successfully to the server was 0 milliseconds ago. The driver has not received any packets from the server.
	at java.base/jdk.internal.reflect.DirectConstructorHandleAccessor.newInstance(DirectConstructorHandleAccessor.java:62)
	at java.base/java.lang.reflect.Constructor.newInstanceWithCaller(Constructor.java:502)
	at java.base/java.lang.reflect.Constructor.newInstance(Constructor.java:486)
	at com.mysql.cj.exceptions.ExceptionFactory.createException(ExceptionFactory.java:52)
	at com.mysql.cj.exceptions.ExceptionFactory.createException(ExceptionFactory.java:95)
	at com.mysql.cj.exceptions.ExceptionFactory.createException(ExceptionFactory.java:140)
	at com.mysql.cj.exceptions.ExceptionFactory.createCommunicationsException(ExceptionFactory.java:156)
	at com.mysql.cj.protocol.a.NativeSocketConnection.connect(NativeSocketConnection.java:79)
	at com.mysql.cj.NativeSession.connect(NativeSession.java:142)
	at com.mysql.cj.jdbc.ConnectionImpl.connectOneTryOnly(ConnectionImpl.java:961)
	at com.mysql.cj.jdbc.ConnectionImpl.createNewIO(ConnectionImpl.java:825)
	... 51 common frames omitted
Caused by: java.net.ConnectException: Connection refused: getsockopt
	at java.base/sun.nio.ch.Net.pollConnect(Native Method)
	at java.base/sun.nio.ch.Net.pollConnectNow(Net.java:682)
	at java.base/sun.nio.ch.NioSocketImpl.timedFinishConnect(NioSocketImpl.java:542)
	at java.base/sun.nio.ch.NioSocketImpl.connect(NioSocketImpl.java:592)
	at java.base/java.net.SocksSocketImpl.connect(SocksSocketImpl.java:327)
	at java.base/java.net.Socket.connect(Socket.java:751)
	at com.mysql.cj.protocol.StandardSocketFactory.connect(StandardSocketFactory.java:144)
	at com.mysql.cj.protocol.a.NativeSocketConnection.connect(NativeSocketConnection.java:53)
	... 54 common frames omitted
28-01-2025 21:56:49.886 [restartedMain] ERROR [,,] o.s.o.j.LocalContainerEntityManagerFactoryBean - Failed to initialize JPA EntityManagerFactory: Unable to create requested service [org.hibernate.engine.jdbc.env.spi.JdbcEnvironment] due to: Unable to determine Dialect without JDBC metadata (please set 'jakarta.persistence.jdbc.url' for common cases or 'hibernate.dialect' when a custom Dialect implementation must be provided)
28-01-2025 21:56:49.888 [restartedMain] WARN  [,,] o.s.b.w.s.c.AnnotationConfigServletWebServerApplicationContext - Exception encountered during context initialization - cancelling refresh attempt: org.springframework.beans.factory.BeanCreationException: Error creating bean with name 'entityManagerFactory' defined in class path resource [org/springframework/boot/autoconfigure/orm/jpa/HibernateJpaConfiguration.class]: Unable to create requested service [org.hibernate.engine.jdbc.env.spi.JdbcEnvironment] due to: Unable to determine Dialect without JDBC metadata (please set 'jakarta.persistence.jdbc.url' for common cases or 'hibernate.dialect' when a custom Dialect implementation must be provided)
28-01-2025 21:56:49.900 [restartedMain] INFO  [,,] i.o.sdk.logs.SdkLoggerProvider - Calling shutdown() multiple times.
28-01-2025 21:56:49.901 [restartedMain] INFO  [,,] i.o.e.internal.grpc.GrpcExporter - Calling shutdown() multiple times.
28-01-2025 21:56:49.902 [restartedMain] INFO  [,,] i.o.sdk.trace.SdkTracerProvider - Calling shutdown() multiple times.
28-01-2025 21:56:49.903 [restartedMain] INFO  [,,] i.o.e.internal.grpc.GrpcExporter - Calling shutdown() multiple times.
28-01-2025 21:56:49.907 [restartedMain] INFO  [,,] o.a.catalina.core.StandardService - Stopping service [Tomcat]
28-01-2025 21:56:49.913 [restartedMain] WARN  [,,] o.a.c.loader.WebappClassLoaderBase - The web application [ROOT] appears to have started a thread named [BatchSpanProcessor_WorkerThread-1] but has failed to stop it. This is very likely to create a memory leak. Stack trace of thread:
 java.base/jdk.internal.misc.Unsafe.park(Native Method)
 java.base/java.util.concurrent.locks.LockSupport.parkNanos(LockSupport.java:269)
 java.base/java.util.concurrent.locks.AbstractQueuedSynchronizer$ConditionObject.awaitNanos(AbstractQueuedSynchronizer.java:1758)
 java.base/java.util.concurrent.ArrayBlockingQueue.poll(ArrayBlockingQueue.java:435)
 io.opentelemetry.sdk.trace.export.BatchSpanProcessor$Worker.run(BatchSpanProcessor.java:266)
 java.base/java.lang.Thread.run(Thread.java:1583)
28-01-2025 21:56:49.914 [restartedMain] WARN  [,,] o.a.c.loader.WebappClassLoaderBase - The web application [ROOT] appears to have started a thread named [BatchLogRecordProcessor_WorkerThread-1] but has failed to stop it. This is very likely to create a memory leak. Stack trace of thread:
 java.base/jdk.internal.misc.Unsafe.park(Native Method)
 java.base/java.util.concurrent.locks.LockSupport.parkNanos(LockSupport.java:269)
 java.base/java.util.concurrent.locks.AbstractQueuedSynchronizer$ConditionObject.awaitNanos(AbstractQueuedSynchronizer.java:1758)
 java.base/java.util.concurrent.ArrayBlockingQueue.poll(ArrayBlockingQueue.java:435)
 io.opentelemetry.sdk.logs.export.BatchLogRecordProcessor$Worker.run(BatchLogRecordProcessor.java:246)
 java.base/java.lang.Thread.run(Thread.java:1583)
28-01-2025 21:56:49.938 [restartedMain] INFO  [,,] o.s.b.a.l.ConditionEvaluationReportLogger - 

Error starting ApplicationContext. To display the condition evaluation report re-run your application with 'debug' enabled.
28-01-2025 21:56:49.974 [restartedMain] ERROR [,,] o.s.boot.SpringApplication - Application run failed
org.springframework.beans.factory.BeanCreationException: Error creating bean with name 'entityManagerFactory' defined in class path resource [org/springframework/boot/autoconfigure/orm/jpa/HibernateJpaConfiguration.class]: Unable to create requested service [org.hibernate.engine.jdbc.env.spi.JdbcEnvironment] due to: Unable to determine Dialect without JDBC metadata (please set 'jakarta.persistence.jdbc.url' for common cases or 'hibernate.dialect' when a custom Dialect implementation must be provided)
	at org.springframework.beans.factory.support.AbstractAutowireCapableBeanFactory.initializeBean(AbstractAutowireCapableBeanFactory.java:1808)
	at org.springframework.beans.factory.support.AbstractAutowireCapableBeanFactory.doCreateBean(AbstractAutowireCapableBeanFactory.java:601)
	at org.springframework.beans.factory.support.AbstractAutowireCapableBeanFactory.createBean(AbstractAutowireCapableBeanFactory.java:523)
	at org.springframework.beans.factory.support.AbstractBeanFactory.lambda$doGetBean$0(AbstractBeanFactory.java:336)
	at org.springframework.beans.factory.support.DefaultSingletonBeanRegistry.getSingleton(DefaultSingletonBeanRegistry.java:289)
	at org.springframework.beans.factory.support.AbstractBeanFactory.doGetBean(AbstractBeanFactory.java:334)
	at org.springframework.beans.factory.support.AbstractBeanFactory.getBean(AbstractBeanFactory.java:204)
	at org.springframework.context.support.AbstractApplicationContext.finishBeanFactoryInitialization(AbstractApplicationContext.java:970)
	at org.springframework.context.support.AbstractApplicationContext.refresh(AbstractApplicationContext.java:627)
	at org.springframework.boot.web.servlet.context.ServletWebServerApplicationContext.refresh(ServletWebServerApplicationContext.java:146)
	at org.springframework.boot.SpringApplication.refresh(SpringApplication.java:752)
	at org.springframework.boot.SpringApplication.refreshContext(SpringApplication.java:439)
	at org.springframework.boot.SpringApplication.run(SpringApplication.java:318)
	at org.springframework.boot.SpringApplication.run(SpringApplication.java:1361)
	at org.springframework.boot.SpringApplication.run(SpringApplication.java:1350)
	at priv.pgpm.cfi.CfiApplication.main(CfiApplication.java:41)
	at java.base/jdk.internal.reflect.DirectMethodHandleAccessor.invoke(DirectMethodHandleAccessor.java:103)
	at java.base/java.lang.reflect.Method.invoke(Method.java:580)
	at org.springframework.boot.devtools.restart.RestartLauncher.run(RestartLauncher.java:50)
Caused by: org.hibernate.service.spi.ServiceException: Unable to create requested service [org.hibernate.engine.jdbc.env.spi.JdbcEnvironment] due to: Unable to determine Dialect without JDBC metadata (please set 'jakarta.persistence.jdbc.url' for common cases or 'hibernate.dialect' when a custom Dialect implementation must be provided)
	at org.hibernate.service.internal.AbstractServiceRegistryImpl.createService(AbstractServiceRegistryImpl.java:276)
	at org.hibernate.service.internal.AbstractServiceRegistryImpl.initializeService(AbstractServiceRegistryImpl.java:238)
	at org.hibernate.service.internal.AbstractServiceRegistryImpl.getService(AbstractServiceRegistryImpl.java:215)
	at org.hibernate.boot.model.relational.Database.<init>(Database.java:45)
	at org.hibernate.boot.internal.InFlightMetadataCollectorImpl.getDatabase(InFlightMetadataCollectorImpl.java:226)
	at org.hibernate.boot.internal.InFlightMetadataCollectorImpl.<init>(InFlightMetadataCollectorImpl.java:194)
	at org.hibernate.boot.model.process.spi.MetadataBuildingProcess.complete(MetadataBuildingProcess.java:171)
	at org.hibernate.jpa.boot.internal.EntityManagerFactoryBuilderImpl.metadata(EntityManagerFactoryBuilderImpl.java:1431)
	at org.hibernate.jpa.boot.internal.EntityManagerFactoryBuilderImpl.build(EntityManagerFactoryBuilderImpl.java:1502)
	at org.springframework.orm.jpa.vendor.SpringHibernateJpaPersistenceProvider.createContainerEntityManagerFactory(SpringHibernateJpaPersistenceProvider.java:66)
	at org.springframework.orm.jpa.LocalContainerEntityManagerFactoryBean.createNativeEntityManagerFactory(LocalContainerEntityManagerFactoryBean.java:390)
	at org.springframework.orm.jpa.AbstractEntityManagerFactoryBean.buildNativeEntityManagerFactory(AbstractEntityManagerFactoryBean.java:419)
	at org.springframework.orm.jpa.AbstractEntityManagerFactoryBean.afterPropertiesSet(AbstractEntityManagerFactoryBean.java:400)
	at org.springframework.orm.jpa.LocalContainerEntityManagerFactoryBean.afterPropertiesSet(LocalContainerEntityManagerFactoryBean.java:366)
	at org.springframework.beans.factory.support.AbstractAutowireCapableBeanFactory.invokeInitMethods(AbstractAutowireCapableBeanFactory.java:1855)
	at org.springframework.beans.factory.support.AbstractAutowireCapableBeanFactory.initializeBean(AbstractAutowireCapableBeanFactory.java:1804)
	... 18 common frames omitted
Caused by: org.hibernate.HibernateException: Unable to determine Dialect without JDBC metadata (please set 'jakarta.persistence.jdbc.url' for common cases or 'hibernate.dialect' when a custom Dialect implementation must be provided)
	at org.hibernate.engine.jdbc.dialect.internal.DialectFactoryImpl.determineDialect(DialectFactoryImpl.java:191)
	at org.hibernate.engine.jdbc.dialect.internal.DialectFactoryImpl.buildDialect(DialectFactoryImpl.java:87)
	at org.hibernate.engine.jdbc.env.internal.JdbcEnvironmentInitiator.getJdbcEnvironmentWithDefaults(JdbcEnvironmentInitiator.java:181)
	at org.hibernate.engine.jdbc.env.internal.JdbcEnvironmentInitiator.getJdbcEnvironmentUsingJdbcMetadata(JdbcEnvironmentInitiator.java:392)
	at org.hibernate.engine.jdbc.env.internal.JdbcEnvironmentInitiator.initiateService(JdbcEnvironmentInitiator.java:129)
	at org.hibernate.engine.jdbc.env.internal.JdbcEnvironmentInitiator.initiateService(JdbcEnvironmentInitiator.java:81)
	at org.hibernate.boot.registry.internal.StandardServiceRegistryImpl.initiateService(StandardServiceRegistryImpl.java:130)
	at org.hibernate.service.internal.AbstractServiceRegistryImpl.createService(AbstractServiceRegistryImpl.java:263)
	... 33 common frames omitted
28-01-2025 22:02:10.087 [background-preinit] INFO  [,,] o.h.validator.internal.util.Version - HV000001: Hibernate Validator 8.0.2.Final
28-01-2025 22:02:10.182 [restartedMain] INFO  [,,] priv.pgpm.cfi.CfiApplication - Starting CfiApplication using Java 21.0.4 with PID 16636 (D:\Projects\PGPM\cfi\target\classes started by sharm in d:\Projects\PGPM\cfi)
28-01-2025 22:02:10.185 [restartedMain] INFO  [,,] priv.pgpm.cfi.CfiApplication - No active profile set, falling back to 1 default profile: "default"
28-01-2025 22:02:10.281 [restartedMain] INFO  [,,] o.s.b.d.e.DevToolsPropertyDefaultsPostProcessor - Devtools property defaults active! Set 'spring.devtools.add-properties' to 'false' to disable
28-01-2025 22:02:10.282 [restartedMain] INFO  [,,] o.s.b.d.e.DevToolsPropertyDefaultsPostProcessor - For additional web related logging consider setting the 'logging.level.web' property to 'DEBUG'
28-01-2025 22:02:12.657 [restartedMain] INFO  [,,] o.s.d.r.c.RepositoryConfigurationDelegate - Bootstrapping Spring Data JPA repositories in DEFAULT mode.
28-01-2025 22:02:12.796 [restartedMain] INFO  [,,] o.s.d.r.c.RepositoryConfigurationDelegate - Finished Spring Data repository scanning in 117 ms. Found 1 JPA repository interface.
28-01-2025 22:02:14.230 [restartedMain] INFO  [,,] o.s.b.w.e.tomcat.TomcatWebServer - Tomcat initialized with port 8080 (http)
28-01-2025 22:02:14.252 [restartedMain] INFO  [,,] o.a.coyote.http11.Http11NioProtocol - Initializing ProtocolHandler ["http-nio-8080"]
28-01-2025 22:02:14.257 [restartedMain] INFO  [,,] o.a.catalina.core.StandardService - Starting service [Tomcat]
28-01-2025 22:02:14.257 [restartedMain] INFO  [,,] o.a.catalina.core.StandardEngine - Starting Servlet engine: [Apache Tomcat/10.1.34]
28-01-2025 22:02:14.388 [restartedMain] INFO  [,,] o.a.c.c.C.[Tomcat].[localhost].[/] - Initializing Spring embedded WebApplicationContext
28-01-2025 22:02:14.389 [restartedMain] INFO  [,,] o.s.b.w.s.c.ServletWebServerApplicationContext - Root WebApplicationContext: initialization completed in 4105 ms
28-01-2025 22:02:14.696 [restartedMain] DEBUG [,,] i.o.e.i.grpc.GrpcExporterBuilder - Using GrpcSender: io.opentelemetry.exporter.sender.okhttp.internal.OkHttpGrpcSender
28-01-2025 22:02:14.934 [restartedMain] DEBUG [,,] i.o.e.i.grpc.GrpcExporterBuilder - Using GrpcSender: io.opentelemetry.exporter.sender.okhttp.internal.OkHttpGrpcSender
28-01-2025 22:02:14.974 [restartedMain] DEBUG [,,] i.o.sdk.internal.JavaVersionSpecific - Using the APIs optimized for: Java 9+
28-01-2025 22:02:15.156 [restartedMain] INFO  [,,] i.m.c.i.push.PushMeterRegistry - Publishing metrics for OtlpMeterRegistry every 5m to http://localhost:4318/v1/metrics with resource attributes {service.name=cfi}
28-01-2025 22:02:15.658 [restartedMain] INFO  [,,] o.h.jpa.internal.util.LogHelper - HHH000204: Processing PersistenceUnitInfo [name: default]
28-01-2025 22:02:15.745 [restartedMain] INFO  [,,] org.hibernate.Version - HHH000412: Hibernate ORM core version 6.6.4.Final
28-01-2025 22:02:15.796 [restartedMain] INFO  [,,] o.h.c.i.RegionFactoryInitiator - HHH000026: Second-level cache disabled
28-01-2025 22:02:16.286 [restartedMain] INFO  [,,] o.s.o.j.p.SpringPersistenceUnitInfo - No LoadTimeWeaver setup: ignoring JPA class transformer
28-01-2025 22:02:16.337 [restartedMain] INFO  [,,] com.zaxxer.hikari.HikariDataSource - HikariPool-1 - Starting...
28-01-2025 22:02:17.201 [restartedMain] INFO  [,,] com.zaxxer.hikari.pool.HikariPool - HikariPool-1 - Added connection com.mysql.cj.jdbc.ConnectionImpl@6f6859ed
28-01-2025 22:02:17.204 [restartedMain] INFO  [,,] com.zaxxer.hikari.HikariDataSource - HikariPool-1 - Start completed.
28-01-2025 22:02:17.353 [restartedMain] INFO  [,,] o.hibernate.orm.connections.pooling - HHH10001005: Database info:
	Database JDBC URL [Connecting through datasource 'HikariDataSource (HikariPool-1)']
	Database driver: undefined/unknown
	Database version: 9.0.1
	Autocommit mode: undefined/unknown
	Isolation level: undefined/unknown
	Minimum pool size: undefined/unknown
	Maximum pool size: undefined/unknown
28-01-2025 22:02:17.537 [restartedMain] ERROR [,,] o.s.o.j.LocalContainerEntityManagerFactoryBean - Failed to initialize JPA EntityManagerFactory: Entity 'priv.pgpm.cfi.models.entities.CFISequenceRegistry' has no identifier (every '@Entity' class must declare or inherit at least one '@Id' or '@EmbeddedId' property)
28-01-2025 22:02:17.538 [restartedMain] WARN  [,,] o.s.b.w.s.c.AnnotationConfigServletWebServerApplicationContext - Exception encountered during context initialization - cancelling refresh attempt: org.springframework.beans.factory.BeanCreationException: Error creating bean with name 'entityManagerFactory' defined in class path resource [org/springframework/boot/autoconfigure/orm/jpa/HibernateJpaConfiguration.class]: Entity 'priv.pgpm.cfi.models.entities.CFISequenceRegistry' has no identifier (every '@Entity' class must declare or inherit at least one '@Id' or '@EmbeddedId' property)
28-01-2025 22:02:17.541 [restartedMain] INFO  [,,] com.zaxxer.hikari.HikariDataSource - HikariPool-1 - Shutdown initiated...
28-01-2025 22:02:17.568 [restartedMain] INFO  [,,] com.zaxxer.hikari.HikariDataSource - HikariPool-1 - Shutdown completed.
28-01-2025 22:02:17.573 [restartedMain] INFO  [,,] i.o.sdk.logs.SdkLoggerProvider - Calling shutdown() multiple times.
28-01-2025 22:02:17.574 [restartedMain] INFO  [,,] i.o.e.internal.grpc.GrpcExporter - Calling shutdown() multiple times.
28-01-2025 22:02:17.574 [restartedMain] INFO  [,,] i.o.sdk.trace.SdkTracerProvider - Calling shutdown() multiple times.
28-01-2025 22:02:17.575 [restartedMain] INFO  [,,] i.o.e.internal.grpc.GrpcExporter - Calling shutdown() multiple times.
28-01-2025 22:02:17.578 [restartedMain] INFO  [,,] o.a.catalina.core.StandardService - Stopping service [Tomcat]
28-01-2025 22:02:17.584 [restartedMain] WARN  [,,] o.a.c.loader.WebappClassLoaderBase - The web application [ROOT] appears to have started a thread named [BatchSpanProcessor_WorkerThread-1] but has failed to stop it. This is very likely to create a memory leak. Stack trace of thread:
 java.base/jdk.internal.misc.Unsafe.park(Native Method)
 java.base/java.util.concurrent.locks.LockSupport.parkNanos(LockSupport.java:269)
 java.base/java.util.concurrent.locks.AbstractQueuedSynchronizer$ConditionObject.awaitNanos(AbstractQueuedSynchronizer.java:1758)
 java.base/java.util.concurrent.ArrayBlockingQueue.poll(ArrayBlockingQueue.java:435)
 io.opentelemetry.sdk.trace.export.BatchSpanProcessor$Worker.run(BatchSpanProcessor.java:266)
 java.base/java.lang.Thread.run(Thread.java:1583)
28-01-2025 22:02:17.586 [restartedMain] WARN  [,,] o.a.c.loader.WebappClassLoaderBase - The web application [ROOT] appears to have started a thread named [BatchLogRecordProcessor_WorkerThread-1] but has failed to stop it. This is very likely to create a memory leak. Stack trace of thread:
 java.base/jdk.internal.misc.Unsafe.park(Native Method)
 java.base/java.util.concurrent.locks.LockSupport.parkNanos(LockSupport.java:269)
 java.base/java.util.concurrent.locks.AbstractQueuedSynchronizer$ConditionObject.awaitNanos(AbstractQueuedSynchronizer.java:1758)
 java.base/java.util.concurrent.ArrayBlockingQueue.poll(ArrayBlockingQueue.java:435)
 io.opentelemetry.sdk.logs.export.BatchLogRecordProcessor$Worker.run(BatchLogRecordProcessor.java:246)
 java.base/java.lang.Thread.run(Thread.java:1583)
28-01-2025 22:02:17.610 [restartedMain] INFO  [,,] o.s.b.a.l.ConditionEvaluationReportLogger - 

Error starting ApplicationContext. To display the condition evaluation report re-run your application with 'debug' enabled.
28-01-2025 22:02:17.645 [restartedMain] ERROR [,,] o.s.boot.SpringApplication - Application run failed
org.springframework.beans.factory.BeanCreationException: Error creating bean with name 'entityManagerFactory' defined in class path resource [org/springframework/boot/autoconfigure/orm/jpa/HibernateJpaConfiguration.class]: Entity 'priv.pgpm.cfi.models.entities.CFISequenceRegistry' has no identifier (every '@Entity' class must declare or inherit at least one '@Id' or '@EmbeddedId' property)
	at org.springframework.beans.factory.support.AbstractAutowireCapableBeanFactory.initializeBean(AbstractAutowireCapableBeanFactory.java:1808)
	at org.springframework.beans.factory.support.AbstractAutowireCapableBeanFactory.doCreateBean(AbstractAutowireCapableBeanFactory.java:601)
	at org.springframework.beans.factory.support.AbstractAutowireCapableBeanFactory.createBean(AbstractAutowireCapableBeanFactory.java:523)
	at org.springframework.beans.factory.support.AbstractBeanFactory.lambda$doGetBean$0(AbstractBeanFactory.java:336)
	at org.springframework.beans.factory.support.DefaultSingletonBeanRegistry.getSingleton(DefaultSingletonBeanRegistry.java:289)
	at org.springframework.beans.factory.support.AbstractBeanFactory.doGetBean(AbstractBeanFactory.java:334)
	at org.springframework.beans.factory.support.AbstractBeanFactory.getBean(AbstractBeanFactory.java:204)
	at org.springframework.context.support.AbstractApplicationContext.finishBeanFactoryInitialization(AbstractApplicationContext.java:970)
	at org.springframework.context.support.AbstractApplicationContext.refresh(AbstractApplicationContext.java:627)
	at org.springframework.boot.web.servlet.context.ServletWebServerApplicationContext.refresh(ServletWebServerApplicationContext.java:146)
	at org.springframework.boot.SpringApplication.refresh(SpringApplication.java:752)
	at org.springframework.boot.SpringApplication.refreshContext(SpringApplication.java:439)
	at org.springframework.boot.SpringApplication.run(SpringApplication.java:318)
	at org.springframework.boot.SpringApplication.run(SpringApplication.java:1361)
	at org.springframework.boot.SpringApplication.run(SpringApplication.java:1350)
	at priv.pgpm.cfi.CfiApplication.main(CfiApplication.java:41)
	at java.base/jdk.internal.reflect.DirectMethodHandleAccessor.invoke(DirectMethodHandleAccessor.java:103)
	at java.base/java.lang.reflect.Method.invoke(Method.java:580)
	at org.springframework.boot.devtools.restart.RestartLauncher.run(RestartLauncher.java:50)
Caused by: org.hibernate.AnnotationException: Entity 'priv.pgpm.cfi.models.entities.CFISequenceRegistry' has no identifier (every '@Entity' class must declare or inherit at least one '@Id' or '@EmbeddedId' property)
	at org.hibernate.boot.model.internal.InheritanceState.determineDefaultAccessType(InheritanceState.java:289)
	at org.hibernate.boot.model.internal.InheritanceState.getElementsToProcess(InheritanceState.java:226)
	at org.hibernate.boot.model.internal.InheritanceState.postProcess(InheritanceState.java:162)
	at org.hibernate.boot.model.internal.EntityBinder.handleIdentifier(EntityBinder.java:410)
	at org.hibernate.boot.model.internal.EntityBinder.bindEntityClass(EntityBinder.java:251)
	at org.hibernate.boot.model.internal.AnnotationBinder.bindClass(AnnotationBinder.java:401)
	at org.hibernate.boot.model.source.internal.annotations.AnnotationMetadataSourceProcessorImpl.processEntityHierarchies(AnnotationMetadataSourceProcessorImpl.java:257)
	at org.hibernate.boot.model.process.spi.MetadataBuildingProcess$1.processEntityHierarchies(MetadataBuildingProcess.java:281)
	at org.hibernate.boot.model.process.spi.MetadataBuildingProcess.complete(MetadataBuildingProcess.java:324)
	at org.hibernate.jpa.boot.internal.EntityManagerFactoryBuilderImpl.metadata(EntityManagerFactoryBuilderImpl.java:1431)
	at org.hibernate.jpa.boot.internal.EntityManagerFactoryBuilderImpl.build(EntityManagerFactoryBuilderImpl.java:1502)
	at org.springframework.orm.jpa.vendor.SpringHibernateJpaPersistenceProvider.createContainerEntityManagerFactory(SpringHibernateJpaPersistenceProvider.java:66)
	at org.springframework.orm.jpa.LocalContainerEntityManagerFactoryBean.createNativeEntityManagerFactory(LocalContainerEntityManagerFactoryBean.java:390)
	at org.springframework.orm.jpa.AbstractEntityManagerFactoryBean.buildNativeEntityManagerFactory(AbstractEntityManagerFactoryBean.java:419)
	at org.springframework.orm.jpa.AbstractEntityManagerFactoryBean.afterPropertiesSet(AbstractEntityManagerFactoryBean.java:400)
	at org.springframework.orm.jpa.LocalContainerEntityManagerFactoryBean.afterPropertiesSet(LocalContainerEntityManagerFactoryBean.java:366)
	at org.springframework.beans.factory.support.AbstractAutowireCapableBeanFactory.invokeInitMethods(AbstractAutowireCapableBeanFactory.java:1855)
	at org.springframework.beans.factory.support.AbstractAutowireCapableBeanFactory.initializeBean(AbstractAutowireCapableBeanFactory.java:1804)
	... 18 common frames omitted
28-01-2025 22:05:24.368 [background-preinit] INFO  [,,] o.h.validator.internal.util.Version - HV000001: Hibernate Validator 8.0.2.Final
28-01-2025 22:05:24.473 [restartedMain] INFO  [,,] priv.pgpm.cfi.CfiApplication - Starting CfiApplication using Java 21.0.4 with PID 12480 (D:\Projects\PGPM\cfi\target\classes started by sharm in d:\Projects\PGPM\cfi)
28-01-2025 22:05:24.475 [restartedMain] INFO  [,,] priv.pgpm.cfi.CfiApplication - No active profile set, falling back to 1 default profile: "default"
28-01-2025 22:05:24.581 [restartedMain] INFO  [,,] o.s.b.d.e.DevToolsPropertyDefaultsPostProcessor - Devtools property defaults active! Set 'spring.devtools.add-properties' to 'false' to disable
28-01-2025 22:05:24.582 [restartedMain] INFO  [,,] o.s.b.d.e.DevToolsPropertyDefaultsPostProcessor - For additional web related logging consider setting the 'logging.level.web' property to 'DEBUG'
28-01-2025 22:05:26.761 [restartedMain] INFO  [,,] o.s.d.r.c.RepositoryConfigurationDelegate - Bootstrapping Spring Data JPA repositories in DEFAULT mode.
28-01-2025 22:05:26.896 [restartedMain] INFO  [,,] o.s.d.r.c.RepositoryConfigurationDelegate - Finished Spring Data repository scanning in 113 ms. Found 1 JPA repository interface.
28-01-2025 22:05:28.666 [restartedMain] INFO  [,,] o.s.b.w.e.tomcat.TomcatWebServer - Tomcat initialized with port 8080 (http)
28-01-2025 22:05:28.688 [restartedMain] INFO  [,,] o.a.coyote.http11.Http11NioProtocol - Initializing ProtocolHandler ["http-nio-8080"]
28-01-2025 22:05:28.692 [restartedMain] INFO  [,,] o.a.catalina.core.StandardService - Starting service [Tomcat]
28-01-2025 22:05:28.694 [restartedMain] INFO  [,,] o.a.catalina.core.StandardEngine - Starting Servlet engine: [Apache Tomcat/10.1.34]
28-01-2025 22:05:28.792 [restartedMain] INFO  [,,] o.a.c.c.C.[Tomcat].[localhost].[/] - Initializing Spring embedded WebApplicationContext
28-01-2025 22:05:28.793 [restartedMain] INFO  [,,] o.s.b.w.s.c.ServletWebServerApplicationContext - Root WebApplicationContext: initialization completed in 4209 ms
28-01-2025 22:05:29.117 [restartedMain] DEBUG [,,] i.o.e.i.grpc.GrpcExporterBuilder - Using GrpcSender: io.opentelemetry.exporter.sender.okhttp.internal.OkHttpGrpcSender
28-01-2025 22:05:29.314 [restartedMain] DEBUG [,,] i.o.e.i.grpc.GrpcExporterBuilder - Using GrpcSender: io.opentelemetry.exporter.sender.okhttp.internal.OkHttpGrpcSender
28-01-2025 22:05:29.341 [restartedMain] DEBUG [,,] i.o.sdk.internal.JavaVersionSpecific - Using the APIs optimized for: Java 9+
28-01-2025 22:05:29.530 [restartedMain] INFO  [,,] i.m.c.i.push.PushMeterRegistry - Publishing metrics for OtlpMeterRegistry every 5m to http://localhost:4318/v1/metrics with resource attributes {service.name=cfi}
28-01-2025 22:05:30.077 [restartedMain] INFO  [,,] o.h.jpa.internal.util.LogHelper - HHH000204: Processing PersistenceUnitInfo [name: default]
28-01-2025 22:05:30.157 [restartedMain] INFO  [,,] org.hibernate.Version - HHH000412: Hibernate ORM core version 6.6.4.Final
28-01-2025 22:05:30.200 [restartedMain] INFO  [,,] o.h.c.i.RegionFactoryInitiator - HHH000026: Second-level cache disabled
28-01-2025 22:05:30.674 [restartedMain] INFO  [,,] o.s.o.j.p.SpringPersistenceUnitInfo - No LoadTimeWeaver setup: ignoring JPA class transformer
28-01-2025 22:05:30.737 [restartedMain] INFO  [,,] com.zaxxer.hikari.HikariDataSource - HikariPool-1 - Starting...
28-01-2025 22:05:31.250 [restartedMain] INFO  [,,] com.zaxxer.hikari.pool.HikariPool - HikariPool-1 - Added connection com.mysql.cj.jdbc.ConnectionImpl@2e68dbaa
28-01-2025 22:05:31.253 [restartedMain] INFO  [,,] com.zaxxer.hikari.HikariDataSource - HikariPool-1 - Start completed.
28-01-2025 22:05:31.380 [restartedMain] INFO  [,,] o.hibernate.orm.connections.pooling - HHH10001005: Database info:
	Database JDBC URL [Connecting through datasource 'HikariDataSource (HikariPool-1)']
	Database driver: undefined/unknown
	Database version: 9.0.1
	Autocommit mode: undefined/unknown
	Isolation level: undefined/unknown
	Minimum pool size: undefined/unknown
	Maximum pool size: undefined/unknown
28-01-2025 22:05:31.531 [restartedMain] ERROR [,,] o.s.o.j.LocalContainerEntityManagerFactoryBean - Failed to initialize JPA EntityManagerFactory: Entity 'priv.pgpm.cfi.models.entities.CFISequenceRegistry' has no identifier (every '@Entity' class must declare or inherit at least one '@Id' or '@EmbeddedId' property)
28-01-2025 22:05:31.532 [restartedMain] WARN  [,,] o.s.b.w.s.c.AnnotationConfigServletWebServerApplicationContext - Exception encountered during context initialization - cancelling refresh attempt: org.springframework.beans.factory.BeanCreationException: Error creating bean with name 'entityManagerFactory' defined in class path resource [org/springframework/boot/autoconfigure/orm/jpa/HibernateJpaConfiguration.class]: Entity 'priv.pgpm.cfi.models.entities.CFISequenceRegistry' has no identifier (every '@Entity' class must declare or inherit at least one '@Id' or '@EmbeddedId' property)
28-01-2025 22:05:31.534 [restartedMain] INFO  [,,] com.zaxxer.hikari.HikariDataSource - HikariPool-1 - Shutdown initiated...
28-01-2025 22:05:31.541 [restartedMain] INFO  [,,] com.zaxxer.hikari.HikariDataSource - HikariPool-1 - Shutdown completed.
28-01-2025 22:05:31.547 [restartedMain] INFO  [,,] i.o.sdk.logs.SdkLoggerProvider - Calling shutdown() multiple times.
28-01-2025 22:05:31.548 [restartedMain] INFO  [,,] i.o.e.internal.grpc.GrpcExporter - Calling shutdown() multiple times.
28-01-2025 22:05:31.548 [restartedMain] INFO  [,,] i.o.sdk.trace.SdkTracerProvider - Calling shutdown() multiple times.
28-01-2025 22:05:31.549 [restartedMain] INFO  [,,] i.o.e.internal.grpc.GrpcExporter - Calling shutdown() multiple times.
28-01-2025 22:05:31.553 [restartedMain] INFO  [,,] o.a.catalina.core.StandardService - Stopping service [Tomcat]
28-01-2025 22:05:31.559 [restartedMain] WARN  [,,] o.a.c.loader.WebappClassLoaderBase - The web application [ROOT] appears to have started a thread named [BatchSpanProcessor_WorkerThread-1] but has failed to stop it. This is very likely to create a memory leak. Stack trace of thread:
 java.base/jdk.internal.misc.Unsafe.park(Native Method)
 java.base/java.util.concurrent.locks.LockSupport.parkNanos(LockSupport.java:269)
 java.base/java.util.concurrent.locks.AbstractQueuedSynchronizer$ConditionObject.awaitNanos(AbstractQueuedSynchronizer.java:1758)
 java.base/java.util.concurrent.ArrayBlockingQueue.poll(ArrayBlockingQueue.java:435)
 io.opentelemetry.sdk.trace.export.BatchSpanProcessor$Worker.run(BatchSpanProcessor.java:266)
 java.base/java.lang.Thread.run(Thread.java:1583)
28-01-2025 22:05:31.560 [restartedMain] WARN  [,,] o.a.c.loader.WebappClassLoaderBase - The web application [ROOT] appears to have started a thread named [BatchLogRecordProcessor_WorkerThread-1] but has failed to stop it. This is very likely to create a memory leak. Stack trace of thread:
 java.base/jdk.internal.misc.Unsafe.park(Native Method)
 java.base/java.util.concurrent.locks.LockSupport.parkNanos(LockSupport.java:269)
 java.base/java.util.concurrent.locks.AbstractQueuedSynchronizer$ConditionObject.awaitNanos(AbstractQueuedSynchronizer.java:1758)
 java.base/java.util.concurrent.ArrayBlockingQueue.poll(ArrayBlockingQueue.java:435)
 io.opentelemetry.sdk.logs.export.BatchLogRecordProcessor$Worker.run(BatchLogRecordProcessor.java:246)
 java.base/java.lang.Thread.run(Thread.java:1583)
28-01-2025 22:05:31.583 [restartedMain] INFO  [,,] o.s.b.a.l.ConditionEvaluationReportLogger - 

Error starting ApplicationContext. To display the condition evaluation report re-run your application with 'debug' enabled.
28-01-2025 22:05:31.613 [restartedMain] ERROR [,,] o.s.boot.SpringApplication - Application run failed
org.springframework.beans.factory.BeanCreationException: Error creating bean with name 'entityManagerFactory' defined in class path resource [org/springframework/boot/autoconfigure/orm/jpa/HibernateJpaConfiguration.class]: Entity 'priv.pgpm.cfi.models.entities.CFISequenceRegistry' has no identifier (every '@Entity' class must declare or inherit at least one '@Id' or '@EmbeddedId' property)
	at org.springframework.beans.factory.support.AbstractAutowireCapableBeanFactory.initializeBean(AbstractAutowireCapableBeanFactory.java:1808)
	at org.springframework.beans.factory.support.AbstractAutowireCapableBeanFactory.doCreateBean(AbstractAutowireCapableBeanFactory.java:601)
	at org.springframework.beans.factory.support.AbstractAutowireCapableBeanFactory.createBean(AbstractAutowireCapableBeanFactory.java:523)
	at org.springframework.beans.factory.support.AbstractBeanFactory.lambda$doGetBean$0(AbstractBeanFactory.java:336)
	at org.springframework.beans.factory.support.DefaultSingletonBeanRegistry.getSingleton(DefaultSingletonBeanRegistry.java:289)
	at org.springframework.beans.factory.support.AbstractBeanFactory.doGetBean(AbstractBeanFactory.java:334)
	at org.springframework.beans.factory.support.AbstractBeanFactory.getBean(AbstractBeanFactory.java:204)
	at org.springframework.context.support.AbstractApplicationContext.finishBeanFactoryInitialization(AbstractApplicationContext.java:970)
	at org.springframework.context.support.AbstractApplicationContext.refresh(AbstractApplicationContext.java:627)
	at org.springframework.boot.web.servlet.context.ServletWebServerApplicationContext.refresh(ServletWebServerApplicationContext.java:146)
	at org.springframework.boot.SpringApplication.refresh(SpringApplication.java:752)
	at org.springframework.boot.SpringApplication.refreshContext(SpringApplication.java:439)
	at org.springframework.boot.SpringApplication.run(SpringApplication.java:318)
	at org.springframework.boot.SpringApplication.run(SpringApplication.java:1361)
	at org.springframework.boot.SpringApplication.run(SpringApplication.java:1350)
	at priv.pgpm.cfi.CfiApplication.main(CfiApplication.java:41)
	at java.base/jdk.internal.reflect.DirectMethodHandleAccessor.invoke(DirectMethodHandleAccessor.java:103)
	at java.base/java.lang.reflect.Method.invoke(Method.java:580)
	at org.springframework.boot.devtools.restart.RestartLauncher.run(RestartLauncher.java:50)
Caused by: org.hibernate.AnnotationException: Entity 'priv.pgpm.cfi.models.entities.CFISequenceRegistry' has no identifier (every '@Entity' class must declare or inherit at least one '@Id' or '@EmbeddedId' property)
	at org.hibernate.boot.model.internal.InheritanceState.determineDefaultAccessType(InheritanceState.java:289)
	at org.hibernate.boot.model.internal.InheritanceState.getElementsToProcess(InheritanceState.java:226)
	at org.hibernate.boot.model.internal.InheritanceState.postProcess(InheritanceState.java:162)
	at org.hibernate.boot.model.internal.EntityBinder.handleIdentifier(EntityBinder.java:410)
	at org.hibernate.boot.model.internal.EntityBinder.bindEntityClass(EntityBinder.java:251)
	at org.hibernate.boot.model.internal.AnnotationBinder.bindClass(AnnotationBinder.java:401)
	at org.hibernate.boot.model.source.internal.annotations.AnnotationMetadataSourceProcessorImpl.processEntityHierarchies(AnnotationMetadataSourceProcessorImpl.java:257)
	at org.hibernate.boot.model.process.spi.MetadataBuildingProcess$1.processEntityHierarchies(MetadataBuildingProcess.java:281)
	at org.hibernate.boot.model.process.spi.MetadataBuildingProcess.complete(MetadataBuildingProcess.java:324)
	at org.hibernate.jpa.boot.internal.EntityManagerFactoryBuilderImpl.metadata(EntityManagerFactoryBuilderImpl.java:1431)
	at org.hibernate.jpa.boot.internal.EntityManagerFactoryBuilderImpl.build(EntityManagerFactoryBuilderImpl.java:1502)
	at org.springframework.orm.jpa.vendor.SpringHibernateJpaPersistenceProvider.createContainerEntityManagerFactory(SpringHibernateJpaPersistenceProvider.java:66)
	at org.springframework.orm.jpa.LocalContainerEntityManagerFactoryBean.createNativeEntityManagerFactory(LocalContainerEntityManagerFactoryBean.java:390)
	at org.springframework.orm.jpa.AbstractEntityManagerFactoryBean.buildNativeEntityManagerFactory(AbstractEntityManagerFactoryBean.java:419)
	at org.springframework.orm.jpa.AbstractEntityManagerFactoryBean.afterPropertiesSet(AbstractEntityManagerFactoryBean.java:400)
	at org.springframework.orm.jpa.LocalContainerEntityManagerFactoryBean.afterPropertiesSet(LocalContainerEntityManagerFactoryBean.java:366)
	at org.springframework.beans.factory.support.AbstractAutowireCapableBeanFactory.invokeInitMethods(AbstractAutowireCapableBeanFactory.java:1855)
	at org.springframework.beans.factory.support.AbstractAutowireCapableBeanFactory.initializeBean(AbstractAutowireCapableBeanFactory.java:1804)
	... 18 common frames omitted
